{
  "RSpec": {
    "coverage": {
      "/home/qi31/projects/fuber/lib/calculation.rb": [
        1,
        null,
        null,
        null,
        1,
        12,
        12,
        12,
        12,
        null,
        null,
        null,
        1,
        316,
        null,
        null
      ],
      "/home/qi31/projects/fuber/app/models/car.rb": [
        1,
        1,
        1,
        1,
        null,
        1,
        1,
        null,
        2,
        11,
        4,
        null,
        1,
        null,
        1,
        2,
        null,
        null,
        1,
        1,
        1,
        null,
        null,
        null,
        1,
        3,
        2,
        2,
        200,
        200,
        12,
        12,
        null,
        null,
        2,
        null,
        null
      ],
      "/home/qi31/projects/fuber/app/models/customer.rb": [
        1,
        1,
        null,
        2,
        3,
        3,
        null,
        1,
        null
      ],
      "/home/qi31/projects/fuber/app/models/ride.rb": [
        1,
        1,
        null,
        1,
        null,
        1,
        1,
        null,
        1,
        null,
        1,
        null,
        null,
        1,
        25,
        25,
        null,
        null,
        null,
        1,
        2,
        null,
        null,
        1,
        1,
        17,
        13,
        null,
        null,
        1,
        16,
        12,
        null,
        null
      ],
      "/home/qi31/projects/fuber/app/helpers/application_helper.rb": [
        1,
        null
      ],
      "/home/qi31/projects/fuber/app/models/normal_car.rb": [
        1,
        null
      ],
      "/home/qi31/projects/fuber/app/models/pink_car.rb": [
        1,
        1,
        null
      ],
      "/home/qi31/projects/fuber/app/controllers/application_controller.rb": [
        0,
        null,
        null,
        0,
        0
      ],
      "/home/qi31/projects/fuber/app/controllers/customers_controller.rb": [
        0,
        0,
        0,
        0,
        null,
        0,
        0,
        0,
        0
      ],
      "/home/qi31/projects/fuber/app/controllers/cars_controller.rb": [
        0,
        0,
        0,
        0,
        0
      ],
      "/home/qi31/projects/fuber/app/controllers/api/v1/base_controller.rb": [
        0,
        0,
        null,
        0,
        null,
        0,
        0,
        0,
        0,
        0,
        0,
        0,
        0,
        0,
        0,
        0,
        0,
        0,
        0,
        0,
        0,
        0,
        0,
        0,
        0,
        0,
        0,
        0,
        0,
        0,
        0,
        0,
        0,
        0,
        0,
        0,
        0,
        null,
        0,
        0,
        0,
        0
      ],
      "/home/qi31/projects/fuber/app/controllers/api/v1/rides_controller.rb": [
        0,
        0,
        0,
        null,
        null,
        null,
        null,
        null,
        null,
        null,
        null,
        0,
        0,
        0,
        null,
        null,
        null,
        null,
        null,
        null,
        null,
        null,
        0,
        0,
        0,
        0,
        0,
        0,
        0,
        0,
        0,
        0,
        0,
        0,
        0,
        0,
        null,
        null,
        null,
        null,
        null,
        null,
        null,
        null,
        0,
        0,
        0,
        null,
        null,
        null,
        null,
        null,
        null,
        null,
        null,
        0,
        0,
        0,
        0,
        0,
        0,
        0,
        0,
        0,
        0,
        null,
        0,
        null,
        0,
        0,
        0,
        null,
        0,
        0,
        0,
        0
      ],
      "/home/qi31/projects/fuber/app/controllers/dashboard_controller.rb": [
        0,
        0,
        0,
        0,
        0
      ],
      "/home/qi31/projects/fuber/app/decorators/customer_decorator.rb": [
        0,
        0,
        0,
        0,
        0
      ],
      "/home/qi31/projects/fuber/app/decorators/ride_decorator.rb": [
        0,
        0,
        0,
        0,
        null,
        0,
        0,
        0,
        null,
        0,
        0,
        0,
        null,
        0,
        0,
        0,
        null,
        0,
        0,
        0,
        0
      ],
      "/home/qi31/projects/fuber/app/decorators/car_decorator.rb": [
        0,
        0,
        0,
        0,
        null,
        0,
        0,
        0,
        0
      ]
    },
    "timestamp": 1508092875
  }
}
